
CommandNotFoundError: Your shell has not been properly configured to use 'conda activate'.
To initialize your shell, run

    $ conda init <SHELL_NAME>

Currently supported shells are:
  - bash
  - fish
  - tcsh
  - xonsh
  - zsh
  - powershell

See 'conda init --help' for more information and options.

IMPORTANT: You may need to close and restart your shell after running 'conda init'.


hello
WARNING:root:Setting up a new session...
Traceback (most recent call last):
  File "/gpfs/hpchome/mahmoud/anaconda3/envs/Development/lib/python3.7/site-packages/urllib3/connection.py", line 160, in _new_conn
    (self._dns_host, self.port), self.timeout, **extra_kw)
  File "/gpfs/hpchome/mahmoud/anaconda3/envs/Development/lib/python3.7/site-packages/urllib3/util/connection.py", line 80, in create_connection
    raise err
  File "/gpfs/hpchome/mahmoud/anaconda3/envs/Development/lib/python3.7/site-packages/urllib3/util/connection.py", line 70, in create_connection
    sock.connect(sa)
ConnectionRefusedError: [Errno 111] Connection refused

During handling of the above exception, another exception occurred:

Traceback (most recent call last):
  File "/gpfs/hpchome/mahmoud/anaconda3/envs/Development/lib/python3.7/site-packages/urllib3/connectionpool.py", line 603, in urlopen
    chunked=chunked)
  File "/gpfs/hpchome/mahmoud/anaconda3/envs/Development/lib/python3.7/site-packages/urllib3/connectionpool.py", line 355, in _make_request
    conn.request(method, url, **httplib_request_kw)
  File "/gpfs/hpchome/mahmoud/anaconda3/envs/Development/lib/python3.7/http/client.py", line 1229, in request
    self._send_request(method, url, body, headers, encode_chunked)
  File "/gpfs/hpchome/mahmoud/anaconda3/envs/Development/lib/python3.7/http/client.py", line 1275, in _send_request
    self.endheaders(body, encode_chunked=encode_chunked)
  File "/gpfs/hpchome/mahmoud/anaconda3/envs/Development/lib/python3.7/http/client.py", line 1224, in endheaders
    self._send_output(message_body, encode_chunked=encode_chunked)
  File "/gpfs/hpchome/mahmoud/anaconda3/envs/Development/lib/python3.7/http/client.py", line 1016, in _send_output
    self.send(msg)
  File "/gpfs/hpchome/mahmoud/anaconda3/envs/Development/lib/python3.7/http/client.py", line 956, in send
    self.connect()
  File "/gpfs/hpchome/mahmoud/anaconda3/envs/Development/lib/python3.7/site-packages/urllib3/connection.py", line 183, in connect
    conn = self._new_conn()
  File "/gpfs/hpchome/mahmoud/anaconda3/envs/Development/lib/python3.7/site-packages/urllib3/connection.py", line 169, in _new_conn
    self, "Failed to establish a new connection: %s" % e)
urllib3.exceptions.NewConnectionError: <urllib3.connection.HTTPConnection object at 0x2af4dfc182e8>: Failed to establish a new connection: [Errno 111] Connection refused

During handling of the above exception, another exception occurred:

Traceback (most recent call last):
  File "/gpfs/hpchome/mahmoud/anaconda3/envs/Development/lib/python3.7/site-packages/requests/adapters.py", line 449, in send
    timeout=timeout
  File "/gpfs/hpchome/mahmoud/anaconda3/envs/Development/lib/python3.7/site-packages/urllib3/connectionpool.py", line 641, in urlopen
    _stacktrace=sys.exc_info()[2])
  File "/gpfs/hpchome/mahmoud/anaconda3/envs/Development/lib/python3.7/site-packages/urllib3/util/retry.py", line 399, in increment
    raise MaxRetryError(_pool, url, error or ResponseError(cause))
urllib3.exceptions.MaxRetryError: HTTPConnectionPool(host='localhost', port=8097): Max retries exceeded with url: /env/main (Caused by NewConnectionError('<urllib3.connection.HTTPConnection object at 0x2af4dfc182e8>: Failed to establish a new connection: [Errno 111] Connection refused'))

During handling of the above exception, another exception occurred:

Traceback (most recent call last):
  File "/gpfs/hpchome/mahmoud/anaconda3/envs/Development/lib/python3.7/site-packages/visdom/__init__.py", line 548, in _send
    data=json.dumps(msg),
  File "/gpfs/hpchome/mahmoud/anaconda3/envs/Development/lib/python3.7/site-packages/requests/sessions.py", line 581, in post
    return self.request('POST', url, data=data, json=json, **kwargs)
  File "/gpfs/hpchome/mahmoud/anaconda3/envs/Development/lib/python3.7/site-packages/requests/sessions.py", line 533, in request
    resp = self.send(prep, **send_kwargs)
  File "/gpfs/hpchome/mahmoud/anaconda3/envs/Development/lib/python3.7/site-packages/requests/sessions.py", line 646, in send
    r = adapter.send(request, **kwargs)
  File "/gpfs/hpchome/mahmoud/anaconda3/envs/Development/lib/python3.7/site-packages/requests/adapters.py", line 516, in send
    raise ConnectionError(e, request=request)
requests.exceptions.ConnectionError: HTTPConnectionPool(host='localhost', port=8097): Max retries exceeded with url: /env/main (Caused by NewConnectionError('<urllib3.connection.HTTPConnection object at 0x2af4dfc182e8>: Failed to establish a new connection: [Errno 111] Connection refused'))
ERROR:visdom:[Errno 111] Connection refused
----------------- Options ---------------
               batch_size: 1                             
                    beta1: 0.5                           
          checkpoints_dir: ./checkpoints                 
           continue_train: False                         
                crop_size: 256                           
                 dataroot: ./datasets/customDS           	[default: None]
             dataset_mode: aligned                       
                direction: BtoA                          	[default: AtoB]
              display_env: main                          
             display_freq: 400                           
               display_id: 1                             
            display_ncols: 4                             
             display_port: 8097                          
           display_server: http://localhost              
          display_winsize: 256                           
                    epoch: latest                        
              epoch_count: 1                             
                 gan_mode: vanilla                       
                  gpu_ids: -1                            	[default: 0]
                init_gain: 0.02                          
                init_type: normal                        
                 input_nc: 3                             
                  isTrain: True                          	[default: None]
                lambda_L1: 100.0                         
                load_iter: 0                             	[default: 0]
                load_size: 286                           
                       lr: 0.0002                        
           lr_decay_iters: 50                            
                lr_policy: linear                        
         max_dataset_size: inf                           
                    model: pix2pix                       	[default: cycle_gan]
               n_layers_D: 3                             
                     name: custom_pix2pix                	[default: experiment_name]
                      ndf: 64                            
                     netD: basic                         
                     netG: unet_256                      
                      ngf: 64                            
                    niter: 100                           
              niter_decay: 100                           
               no_dropout: False                         
                  no_flip: False                         
                  no_html: False                         
                     norm: batch                         
              num_threads: 4                             
                output_nc: 3                             
                    phase: train                         
                pool_size: 0                             
               preprocess: resize_and_crop               
               print_freq: 100                           
             save_by_iter: False                         
          save_epoch_freq: 5                             
         save_latest_freq: 5000                          
           serial_batches: False                         
                   suffix:                               
         update_html_freq: 1000                          
                  verbose: False                         
----------------- End -------------------
dataset [AlignedDataset] was created
The number of training images = 26
initialize network with normal
initialize network with normal
model [Pix2PixModel] was created
---------- Networks initialized -------------
[Network G] Total number of parameters : 54.414 M
[Network D] Total number of parameters : 2.769 M
-----------------------------------------------
Exception in user code:
------------------------------------------------------------


Could not connect to Visdom server. 
 Trying to start a server....
Command: /gpfs/hpchome/mahmoud/anaconda3/envs/Development/bin/python -m visdom.server -p 8097 &>/dev/null &
create web directory ./checkpoints/custom_pix2pix/web...
End of epoch 1 / 200 	 Time Taken: 22 sec
learning rate = 0.0002000
End of epoch 2 / 200 	 Time Taken: 19 sec
learning rate = 0.0002000
End of epoch 3 / 200 	 Time Taken: 21 sec
learning rate = 0.0002000
(epoch: 4, iters: 22, time: 0.701, data: 0.405) G_GAN: 0.790 G_L1: 11.760 D_real: 1.159 D_fake: 0.233 
End of epoch 4 / 200 	 Time Taken: 19 sec
learning rate = 0.0002000
saving the model at the end of epoch 5, iters 130
End of epoch 5 / 200 	 Time Taken: 21 sec
learning rate = 0.0002000
End of epoch 6 / 200 	 Time Taken: 19 sec
learning rate = 0.0002000
End of epoch 7 / 200 	 Time Taken: 19 sec
learning rate = 0.0002000
(epoch: 8, iters: 18, time: 0.676, data: 0.001) G_GAN: 1.426 G_L1: 15.185 D_real: 0.456 D_fake: 0.429 
End of epoch 8 / 200 	 Time Taken: 20 sec
learning rate = 0.0002000
End of epoch 9 / 200 	 Time Taken: 19 sec
learning rate = 0.0002000
saving the model at the end of epoch 10, iters 260
End of epoch 10 / 200 	 Time Taken: 22 sec
learning rate = 0.0002000
End of epoch 11 / 200 	 Time Taken: 19 sec
learning rate = 0.0002000
(epoch: 12, iters: 14, time: 0.709, data: 0.004) G_GAN: 1.985 G_L1: 11.447 D_real: 0.444 D_fake: 0.218 
End of epoch 12 / 200 	 Time Taken: 19 sec
learning rate = 0.0002000
End of epoch 13 / 200 	 Time Taken: 20 sec
learning rate = 0.0002000
End of epoch 14 / 200 	 Time Taken: 20 sec
learning rate = 0.0002000
saving the model at the end of epoch 15, iters 390
End of epoch 15 / 200 	 Time Taken: 21 sec
learning rate = 0.0002000
(epoch: 16, iters: 10, time: 1.060, data: 0.002) G_GAN: 1.262 G_L1: 14.251 D_real: 0.272 D_fake: 0.685 
End of epoch 16 / 200 	 Time Taken: 19 sec
learning rate = 0.0002000
End of epoch 17 / 200 	 Time Taken: 21 sec
learning rate = 0.0002000
End of epoch 18 / 200 	 Time Taken: 18 sec
learning rate = 0.0002000
End of epoch 19 / 200 	 Time Taken: 19 sec
learning rate = 0.0002000
(epoch: 20, iters: 6, time: 0.735, data: 0.001) G_GAN: 0.999 G_L1: 7.819 D_real: 0.356 D_fake: 0.943 
saving the model at the end of epoch 20, iters 520
End of epoch 20 / 200 	 Time Taken: 22 sec
learning rate = 0.0002000
End of epoch 21 / 200 	 Time Taken: 18 sec
learning rate = 0.0002000
End of epoch 22 / 200 	 Time Taken: 20 sec
learning rate = 0.0002000
End of epoch 23 / 200 	 Time Taken: 19 sec
learning rate = 0.0002000
(epoch: 24, iters: 2, time: 0.760, data: 0.000) G_GAN: 1.810 G_L1: 9.458 D_real: 0.983 D_fake: 0.188 
End of epoch 24 / 200 	 Time Taken: 19 sec
learning rate = 0.0002000
saving the model at the end of epoch 25, iters 650
End of epoch 25 / 200 	 Time Taken: 20 sec
learning rate = 0.0002000
End of epoch 26 / 200 	 Time Taken: 20 sec
learning rate = 0.0002000
(epoch: 27, iters: 24, time: 0.756, data: 0.006) G_GAN: 2.034 G_L1: 9.946 D_real: 0.149 D_fake: 0.456 
End of epoch 27 / 200 	 Time Taken: 20 sec
learning rate = 0.0002000
End of epoch 28 / 200 	 Time Taken: 19 sec
learning rate = 0.0002000
End of epoch 29 / 200 	 Time Taken: 19 sec
learning rate = 0.0002000
saving the model at the end of epoch 30, iters 780
End of epoch 30 / 200 	 Time Taken: 21 sec
learning rate = 0.0002000
(epoch: 31, iters: 20, time: 0.983, data: 0.005) G_GAN: 1.426 G_L1: 9.007 D_real: 0.175 D_fake: 0.516 
End of epoch 31 / 200 	 Time Taken: 20 sec
learning rate = 0.0002000
End of epoch 32 / 200 	 Time Taken: 19 sec
learning rate = 0.0002000
End of epoch 33 / 200 	 Time Taken: 19 sec
learning rate = 0.0002000
End of epoch 34 / 200 	 Time Taken: 21 sec
learning rate = 0.0002000
(epoch: 35, iters: 16, time: 0.733, data: 0.001) G_GAN: 2.079 G_L1: 7.583 D_real: 0.373 D_fake: 0.139 
saving the model at the end of epoch 35, iters 910
End of epoch 35 / 200 	 Time Taken: 20 sec
learning rate = 0.0002000
End of epoch 36 / 200 	 Time Taken: 18 sec
learning rate = 0.0002000
End of epoch 37 / 200 	 Time Taken: 21 sec
learning rate = 0.0002000
End of epoch 38 / 200 	 Time Taken: 19 sec
learning rate = 0.0002000
(epoch: 39, iters: 12, time: 0.784, data: 0.005) G_GAN: 1.147 G_L1: 6.058 D_real: 0.373 D_fake: 0.346 
End of epoch 39 / 200 	 Time Taken: 20 sec
learning rate = 0.0002000
saving the model at the end of epoch 40, iters 1040
End of epoch 40 / 200 	 Time Taken: 21 sec
learning rate = 0.0002000
End of epoch 41 / 200 	 Time Taken: 18 sec
learning rate = 0.0002000
End of epoch 42 / 200 	 Time Taken: 19 sec
learning rate = 0.0002000
(epoch: 43, iters: 8, time: 0.767, data: 0.005) G_GAN: 2.021 G_L1: 10.186 D_real: 0.528 D_fake: 0.247 
End of epoch 43 / 200 	 Time Taken: 20 sec
learning rate = 0.0002000
End of epoch 44 / 200 	 Time Taken: 18 sec
learning rate = 0.0002000
saving the model at the end of epoch 45, iters 1170
End of epoch 45 / 200 	 Time Taken: 21 sec
learning rate = 0.0002000
End of epoch 46 / 200 	 Time Taken: 18 sec
learning rate = 0.0002000
(epoch: 47, iters: 4, time: 1.003, data: 0.000) G_GAN: 1.104 G_L1: 5.808 D_real: 0.365 D_fake: 0.730 
End of epoch 47 / 200 	 Time Taken: 20 sec
learning rate = 0.0002000
End of epoch 48 / 200 	 Time Taken: 19 sec
learning rate = 0.0002000
End of epoch 49 / 200 	 Time Taken: 19 sec
learning rate = 0.0002000
(epoch: 50, iters: 26, time: 0.763, data: 0.000) G_GAN: 2.813 G_L1: 7.490 D_real: 0.008 D_fake: 0.736 
saving the model at the end of epoch 50, iters 1300
End of epoch 50 / 200 	 Time Taken: 22 sec
learning rate = 0.0002000
End of epoch 51 / 200 	 Time Taken: 20 sec
learning rate = 0.0002000
End of epoch 52 / 200 	 Time Taken: 20 sec
learning rate = 0.0002000
End of epoch 53 / 200 	 Time Taken: 18 sec
learning rate = 0.0002000
(epoch: 54, iters: 22, time: 0.657, data: 0.077) G_GAN: 0.701 G_L1: 6.811 D_real: 0.763 D_fake: 0.330 
End of epoch 54 / 200 	 Time Taken: 19 sec
learning rate = 0.0002000
saving the model at the end of epoch 55, iters 1430
End of epoch 55 / 200 	 Time Taken: 20 sec
learning rate = 0.0002000
End of epoch 56 / 200 	 Time Taken: 20 sec
learning rate = 0.0002000
End of epoch 57 / 200 	 Time Taken: 19 sec
learning rate = 0.0002000
(epoch: 58, iters: 18, time: 0.680, data: 0.002) G_GAN: 0.829 G_L1: 5.162 D_real: 0.407 D_fake: 0.809 
End of epoch 58 / 200 	 Time Taken: 19 sec
learning rate = 0.0002000
End of epoch 59 / 200 	 Time Taken: 20 sec
learning rate = 0.0002000
saving the model at the end of epoch 60, iters 1560
End of epoch 60 / 200 	 Time Taken: 20 sec
learning rate = 0.0002000
End of epoch 61 / 200 	 Time Taken: 18 sec
learning rate = 0.0002000
(epoch: 62, iters: 14, time: 1.066, data: 0.004) G_GAN: 0.995 G_L1: 7.535 D_real: 1.539 D_fake: 0.498 
End of epoch 62 / 200 	 Time Taken: 19 sec
learning rate = 0.0002000
End of epoch 63 / 200 	 Time Taken: 19 sec
learning rate = 0.0002000
End of epoch 64 / 200 	 Time Taken: 20 sec
learning rate = 0.0002000
saving the model at the end of epoch 65, iters 1690
End of epoch 65 / 200 	 Time Taken: 21 sec
learning rate = 0.0002000
(epoch: 66, iters: 10, time: 0.742, data: 0.001) G_GAN: 1.247 G_L1: 5.678 D_real: 0.422 D_fake: 0.391 
End of epoch 66 / 200 	 Time Taken: 19 sec
learning rate = 0.0002000
End of epoch 67 / 200 	 Time Taken: 19 sec
learning rate = 0.0002000
End of epoch 68 / 200 	 Time Taken: 19 sec
learning rate = 0.0002000
End of epoch 69 / 200 	 Time Taken: 19 sec
learning rate = 0.0002000
(epoch: 70, iters: 6, time: 0.714, data: 0.005) G_GAN: 1.558 G_L1: 7.199 D_real: 0.062 D_fake: 0.983 
saving the model at the end of epoch 70, iters 1820
End of epoch 70 / 200 	 Time Taken: 20 sec
learning rate = 0.0002000
End of epoch 71 / 200 	 Time Taken: 19 sec
learning rate = 0.0002000
End of epoch 72 / 200 	 Time Taken: 20 sec
learning rate = 0.0002000
End of epoch 73 / 200 	 Time Taken: 19 sec
learning rate = 0.0002000
(epoch: 74, iters: 2, time: 0.721, data: 0.000) G_GAN: 3.502 G_L1: 5.071 D_real: 0.045 D_fake: 0.039 
End of epoch 74 / 200 	 Time Taken: 20 sec
learning rate = 0.0002000
saving the model at the end of epoch 75, iters 1950
End of epoch 75 / 200 	 Time Taken: 21 sec
learning rate = 0.0002000
End of epoch 76 / 200 	 Time Taken: 19 sec
learning rate = 0.0002000
(epoch: 77, iters: 24, time: 1.087, data: 0.000) G_GAN: 5.063 G_L1: 8.926 D_real: 0.041 D_fake: 0.007 
End of epoch 77 / 200 	 Time Taken: 19 sec
learning rate = 0.0002000
End of epoch 78 / 200 	 Time Taken: 21 sec
learning rate = 0.0002000
End of epoch 79 / 200 	 Time Taken: 19 sec
learning rate = 0.0002000
saving the model at the end of epoch 80, iters 2080
End of epoch 80 / 200 	 Time Taken: 20 sec
learning rate = 0.0002000
(epoch: 81, iters: 20, time: 0.745, data: 0.001) G_GAN: 2.814 G_L1: 7.046 D_real: 0.012 D_fake: 1.157 
End of epoch 81 / 200 	 Time Taken: 20 sec
learning rate = 0.0002000
End of epoch 82 / 200 	 Time Taken: 20 sec
learning rate = 0.0002000
End of epoch 83 / 200 	 Time Taken: 19 sec
learning rate = 0.0002000
End of epoch 84 / 200 	 Time Taken: 19 sec
learning rate = 0.0002000
(epoch: 85, iters: 16, time: 0.653, data: 0.005) G_GAN: 3.637 G_L1: 5.472 D_real: 0.065 D_fake: 0.043 
saving the model at the end of epoch 85, iters 2210
End of epoch 85 / 200 	 Time Taken: 20 sec
learning rate = 0.0002000
End of epoch 86 / 200 	 Time Taken: 19 sec
learning rate = 0.0002000
End of epoch 87 / 200 	 Time Taken: 18 sec
learning rate = 0.0002000
End of epoch 88 / 200 	 Time Taken: 20 sec
learning rate = 0.0002000
(epoch: 89, iters: 12, time: 0.756, data: 0.002) G_GAN: 4.775 G_L1: 5.186 D_real: 0.007 D_fake: 0.011 
End of epoch 89 / 200 	 Time Taken: 20 sec
learning rate = 0.0002000
saving the model at the end of epoch 90, iters 2340
End of epoch 90 / 200 	 Time Taken: 21 sec
learning rate = 0.0002000
End of epoch 91 / 200 	 Time Taken: 20 sec
learning rate = 0.0002000
End of epoch 92 / 200 	 Time Taken: 18 sec
learning rate = 0.0002000
(epoch: 93, iters: 8, time: 1.162, data: 0.005) G_GAN: 0.643 G_L1: 7.025 D_real: 0.571 D_fake: 0.808 
End of epoch 93 / 200 	 Time Taken: 20 sec
learning rate = 0.0002000
End of epoch 94 / 200 	 Time Taken: 18 sec
learning rate = 0.0002000
saving the model at the end of epoch 95, iters 2470
End of epoch 95 / 200 	 Time Taken: 22 sec
learning rate = 0.0002000
End of epoch 96 / 200 	 Time Taken: 18 sec
learning rate = 0.0002000
(epoch: 97, iters: 4, time: 0.697, data: 0.001) G_GAN: 0.723 G_L1: 4.311 D_real: 0.644 D_fake: 0.733 
End of epoch 97 / 200 	 Time Taken: 18 sec
learning rate = 0.0002000
End of epoch 98 / 200 	 Time Taken: 20 sec
learning rate = 0.0002000
End of epoch 99 / 200 	 Time Taken: 19 sec
learning rate = 0.0002000
(epoch: 100, iters: 26, time: 0.660, data: 0.000) G_GAN: 0.834 G_L1: 4.381 D_real: 0.682 D_fake: 0.671 
saving the model at the end of epoch 100, iters 2600
End of epoch 100 / 200 	 Time Taken: 20 sec
learning rate = 0.0001980
End of epoch 101 / 200 	 Time Taken: 18 sec
learning rate = 0.0001960
End of epoch 102 / 200 	 Time Taken: 18 sec
learning rate = 0.0001941
End of epoch 103 / 200 	 Time Taken: 18 sec
learning rate = 0.0001921
(epoch: 104, iters: 22, time: 0.723, data: 0.115) G_GAN: 0.628 G_L1: 4.137 D_real: 0.399 D_fake: 0.941 
End of epoch 104 / 200 	 Time Taken: 19 sec
learning rate = 0.0001901
saving the model at the end of epoch 105, iters 2730
End of epoch 105 / 200 	 Time Taken: 21 sec
learning rate = 0.0001881
End of epoch 106 / 200 	 Time Taken: 19 sec
learning rate = 0.0001861
End of epoch 107 / 200 	 Time Taken: 18 sec
learning rate = 0.0001842
(epoch: 108, iters: 18, time: 1.125, data: 0.002) G_GAN: 1.406 G_L1: 3.562 D_real: 0.818 D_fake: 0.254 
End of epoch 108 / 200 	 Time Taken: 19 sec
learning rate = 0.0001822
End of epoch 109 / 200 	 Time Taken: 19 sec
learning rate = 0.0001802
saving the model at the end of epoch 110, iters 2860
End of epoch 110 / 200 	 Time Taken: 21 sec
learning rate = 0.0001782
End of epoch 111 / 200 	 Time Taken: 18 sec
learning rate = 0.0001762
(epoch: 112, iters: 14, time: 0.652, data: 0.001) G_GAN: 1.001 G_L1: 4.675 D_real: 0.518 D_fake: 0.230 
End of epoch 112 / 200 	 Time Taken: 19 sec
learning rate = 0.0001743
End of epoch 113 / 200 	 Time Taken: 20 sec
learning rate = 0.0001723
End of epoch 114 / 200 	 Time Taken: 18 sec
learning rate = 0.0001703
saving the model at the end of epoch 115, iters 2990
End of epoch 115 / 200 	 Time Taken: 20 sec
learning rate = 0.0001683
(epoch: 116, iters: 10, time: 0.768, data: 0.002) G_GAN: 4.447 G_L1: 3.688 D_real: 0.010 D_fake: 0.014 
End of epoch 116 / 200 	 Time Taken: 18 sec
learning rate = 0.0001663
End of epoch 117 / 200 	 Time Taken: 19 sec
learning rate = 0.0001644
End of epoch 118 / 200 	 Time Taken: 18 sec
learning rate = 0.0001624
End of epoch 119 / 200 	 Time Taken: 19 sec
learning rate = 0.0001604
(epoch: 120, iters: 6, time: 0.664, data: 0.002) G_GAN: 0.922 G_L1: 5.744 D_real: 0.508 D_fake: 1.138 
saving the model at the end of epoch 120, iters 3120
End of epoch 120 / 200 	 Time Taken: 21 sec
learning rate = 0.0001584
End of epoch 121 / 200 	 Time Taken: 20 sec
learning rate = 0.0001564
End of epoch 122 / 200 	 Time Taken: 18 sec
learning rate = 0.0001545
End of epoch 123 / 200 	 Time Taken: 19 sec
learning rate = 0.0001525
(epoch: 124, iters: 2, time: 1.380, data: 0.000) G_GAN: 5.153 G_L1: 6.792 D_real: 0.032 D_fake: 0.008 
End of epoch 124 / 200 	 Time Taken: 21 sec
learning rate = 0.0001505
saving the model at the end of epoch 125, iters 3250
End of epoch 125 / 200 	 Time Taken: 21 sec
learning rate = 0.0001485
End of epoch 126 / 200 	 Time Taken: 18 sec
learning rate = 0.0001465
(epoch: 127, iters: 24, time: 0.768, data: 0.002) G_GAN: 4.560 G_L1: 4.887 D_real: 0.015 D_fake: 1.451 
End of epoch 127 / 200 	 Time Taken: 19 sec
learning rate = 0.0001446
End of epoch 128 / 200 	 Time Taken: 18 sec
learning rate = 0.0001426
End of epoch 129 / 200 	 Time Taken: 20 sec
learning rate = 0.0001406
saving the model at the end of epoch 130, iters 3380
End of epoch 130 / 200 	 Time Taken: 21 sec
learning rate = 0.0001386
(epoch: 131, iters: 20, time: 0.686, data: 0.004) G_GAN: 5.264 G_L1: 4.599 D_real: 0.009 D_fake: 0.008 
End of epoch 131 / 200 	 Time Taken: 19 sec
learning rate = 0.0001366
End of epoch 132 / 200 	 Time Taken: 18 sec
learning rate = 0.0001347
End of epoch 133 / 200 	 Time Taken: 19 sec
learning rate = 0.0001327
End of epoch 134 / 200 	 Time Taken: 18 sec
learning rate = 0.0001307
(epoch: 135, iters: 16, time: 0.708, data: 0.004) G_GAN: 6.680 G_L1: 3.503 D_real: 0.015 D_fake: 0.002 
saving the model at the end of epoch 135, iters 3510
End of epoch 135 / 200 	 Time Taken: 21 sec
learning rate = 0.0001287
End of epoch 136 / 200 	 Time Taken: 21 sec
learning rate = 0.0001267
End of epoch 137 / 200 	 Time Taken: 18 sec
learning rate = 0.0001248
End of epoch 138 / 200 	 Time Taken: 20 sec
learning rate = 0.0001228
(epoch: 139, iters: 12, time: 1.152, data: 0.002) G_GAN: 6.137 G_L1: 3.713 D_real: 0.005 D_fake: 0.003 
End of epoch 139 / 200 	 Time Taken: 20 sec
learning rate = 0.0001208
saving the model at the end of epoch 140, iters 3640
End of epoch 140 / 200 	 Time Taken: 21 sec
learning rate = 0.0001188
End of epoch 141 / 200 	 Time Taken: 18 sec
learning rate = 0.0001168
End of epoch 142 / 200 	 Time Taken: 18 sec
learning rate = 0.0001149
(epoch: 143, iters: 8, time: 0.740, data: 0.001) G_GAN: 6.912 G_L1: 4.808 D_real: 0.004 D_fake: 0.001 
End of epoch 143 / 200 	 Time Taken: 18 sec
learning rate = 0.0001129
End of epoch 144 / 200 	 Time Taken: 18 sec
learning rate = 0.0001109
saving the model at the end of epoch 145, iters 3770
End of epoch 145 / 200 	 Time Taken: 21 sec
learning rate = 0.0001089
End of epoch 146 / 200 	 Time Taken: 19 sec
learning rate = 0.0001069
(epoch: 147, iters: 4, time: 0.697, data: 0.005) G_GAN: 7.047 G_L1: 3.515 D_real: 0.006 D_fake: 0.001 
End of epoch 147 / 200 	 Time Taken: 19 sec
learning rate = 0.0001050
End of epoch 148 / 200 	 Time Taken: 19 sec
learning rate = 0.0001030
End of epoch 149 / 200 	 Time Taken: 19 sec
learning rate = 0.0001010
(epoch: 150, iters: 26, time: 0.618, data: 0.002) G_GAN: 7.280 G_L1: 4.805 D_real: 0.002 D_fake: 0.001 
saving the model at the end of epoch 150, iters 3900
End of epoch 150 / 200 	 Time Taken: 20 sec
learning rate = 0.0000990
End of epoch 151 / 200 	 Time Taken: 18 sec
learning rate = 0.0000970
End of epoch 152 / 200 	 Time Taken: 19 sec
learning rate = 0.0000950
End of epoch 153 / 200 	 Time Taken: 20 sec
learning rate = 0.0000931
(epoch: 154, iters: 22, time: 1.138, data: 0.115) G_GAN: 6.354 G_L1: 6.642 D_real: 0.004 D_fake: 0.003 
End of epoch 154 / 200 	 Time Taken: 19 sec
learning rate = 0.0000911
saving the model at the end of epoch 155, iters 4030
End of epoch 155 / 200 	 Time Taken: 21 sec
learning rate = 0.0000891
End of epoch 156 / 200 	 Time Taken: 18 sec
learning rate = 0.0000871
End of epoch 157 / 200 	 Time Taken: 19 sec
learning rate = 0.0000851
(epoch: 158, iters: 18, time: 0.656, data: 0.001) G_GAN: 5.326 G_L1: 5.141 D_real: 0.006 D_fake: 0.006 
End of epoch 158 / 200 	 Time Taken: 19 sec
learning rate = 0.0000832
End of epoch 159 / 200 	 Time Taken: 19 sec
learning rate = 0.0000812
saving the model at the end of epoch 160, iters 4160
End of epoch 160 / 200 	 Time Taken: 20 sec
learning rate = 0.0000792
End of epoch 161 / 200 	 Time Taken: 18 sec
learning rate = 0.0000772
(epoch: 162, iters: 14, time: 0.738, data: 0.005) G_GAN: 0.674 G_L1: 4.272 D_real: 0.492 D_fake: 1.001 
End of epoch 162 / 200 	 Time Taken: 18 sec
learning rate = 0.0000752
End of epoch 163 / 200 	 Time Taken: 20 sec
learning rate = 0.0000733
End of epoch 164 / 200 	 Time Taken: 19 sec
learning rate = 0.0000713
saving the model at the end of epoch 165, iters 4290
End of epoch 165 / 200 	 Time Taken: 20 sec
learning rate = 0.0000693
(epoch: 166, iters: 10, time: 0.804, data: 0.002) G_GAN: 1.379 G_L1: 6.199 D_real: 0.311 D_fake: 0.360 
End of epoch 166 / 200 	 Time Taken: 19 sec
learning rate = 0.0000673
End of epoch 167 / 200 	 Time Taken: 20 sec
learning rate = 0.0000653
End of epoch 168 / 200 	 Time Taken: 18 sec
learning rate = 0.0000634
End of epoch 169 / 200 	 Time Taken: 18 sec
learning rate = 0.0000614
(epoch: 170, iters: 6, time: 1.280, data: 0.004) G_GAN: 2.975 G_L1: 4.008 D_real: 0.005 D_fake: 0.112 
saving the model at the end of epoch 170, iters 4420
End of epoch 170 / 200 	 Time Taken: 21 sec
learning rate = 0.0000594
End of epoch 171 / 200 	 Time Taken: 18 sec
learning rate = 0.0000574
End of epoch 172 / 200 	 Time Taken: 18 sec
learning rate = 0.0000554
End of epoch 173 / 200 	 Time Taken: 20 sec
learning rate = 0.0000535
(epoch: 174, iters: 2, time: 0.721, data: 0.000) G_GAN: 4.296 G_L1: 3.464 D_real: 0.308 D_fake: 0.010 
End of epoch 174 / 200 	 Time Taken: 19 sec
learning rate = 0.0000515
saving the model at the end of epoch 175, iters 4550
End of epoch 175 / 200 	 Time Taken: 20 sec
learning rate = 0.0000495
End of epoch 176 / 200 	 Time Taken: 19 sec
learning rate = 0.0000475
(epoch: 177, iters: 24, time: 0.629, data: 0.002) G_GAN: 5.100 G_L1: 4.219 D_real: 0.004 D_fake: 0.007 
End of epoch 177 / 200 	 Time Taken: 18 sec
learning rate = 0.0000455
End of epoch 178 / 200 	 Time Taken: 18 sec
learning rate = 0.0000436
End of epoch 179 / 200 	 Time Taken: 19 sec
learning rate = 0.0000416
saving the model at the end of epoch 180, iters 4680
End of epoch 180 / 200 	 Time Taken: 22 sec
learning rate = 0.0000396
(epoch: 181, iters: 20, time: 0.684, data: 0.002) G_GAN: 4.930 G_L1: 3.190 D_real: 0.034 D_fake: 0.010 
End of epoch 181 / 200 	 Time Taken: 19 sec
learning rate = 0.0000376
End of epoch 182 / 200 	 Time Taken: 20 sec
learning rate = 0.0000356
End of epoch 183 / 200 	 Time Taken: 18 sec
learning rate = 0.0000337
End of epoch 184 / 200 	 Time Taken: 19 sec
learning rate = 0.0000317
(epoch: 185, iters: 16, time: 1.422, data: 0.006) G_GAN: 4.375 G_L1: 4.096 D_real: 0.016 D_fake: 0.015 
saving the model at the end of epoch 185, iters 4810
End of epoch 185 / 200 	 Time Taken: 24 sec
learning rate = 0.0000297
End of epoch 186 / 200 	 Time Taken: 19 sec
learning rate = 0.0000277
End of epoch 187 / 200 	 Time Taken: 18 sec
learning rate = 0.0000257
End of epoch 188 / 200 	 Time Taken: 19 sec
learning rate = 0.0000238
(epoch: 189, iters: 12, time: 0.782, data: 0.001) G_GAN: 5.011 G_L1: 3.904 D_real: 0.425 D_fake: 0.003 
End of epoch 189 / 200 	 Time Taken: 19 sec
learning rate = 0.0000218
saving the model at the end of epoch 190, iters 4940
End of epoch 190 / 200 	 Time Taken: 21 sec
learning rate = 0.0000198
End of epoch 191 / 200 	 Time Taken: 18 sec
learning rate = 0.0000178
End of epoch 192 / 200 	 Time Taken: 18 sec
learning rate = 0.0000158
(epoch: 193, iters: 8, time: 0.656, data: 0.004) G_GAN: 5.027 G_L1: 4.158 D_real: 0.323 D_fake: 0.016 
saving the latest model (epoch 193, total_iters 5000)
End of epoch 193 / 200 	 Time Taken: 19 sec
learning rate = 0.0000139
End of epoch 194 / 200 	 Time Taken: 18 sec
learning rate = 0.0000119
saving the model at the end of epoch 195, iters 5070
End of epoch 195 / 200 	 Time Taken: 21 sec
learning rate = 0.0000099
End of epoch 196 / 200 	 Time Taken: 18 sec
learning rate = 0.0000079
(epoch: 197, iters: 4, time: 0.643, data: 0.001) G_GAN: 4.642 G_L1: 3.943 D_real: 0.059 D_fake: 0.011 
End of epoch 197 / 200 	 Time Taken: 19 sec
learning rate = 0.0000059
End of epoch 198 / 200 	 Time Taken: 19 sec
learning rate = 0.0000040
End of epoch 199 / 200 	 Time Taken: 19 sec
learning rate = 0.0000020
(epoch: 200, iters: 26, time: 1.331, data: 0.006) G_GAN: 4.885 G_L1: 4.614 D_real: 0.046 D_fake: 0.010 
saving the model at the end of epoch 200, iters 5200
End of epoch 200 / 200 	 Time Taken: 22 sec
learning rate = 0.0000000
